0 verbose cli /data/data/com.termux/files/usr/bin/node /data/data/com.termux/files/usr/bin/npm
1 info using npm@10.9.3
2 info using node@v22.18.0
3 silly config load:file:/data/data/com.termux/files/usr/lib/node_modules/npm/npmrc
4 silly config load:file:/data/data/com.termux/files/home/catbot/.npmrc
5 silly config load:file:/data/data/com.termux/files/home/.npmrc
6 silly config load:file:/data/data/com.termux/files/usr/etc/npmrc
7 verbose title npm install express multer cors
8 verbose argv "install" "express" "multer" "cors"
9 verbose logfile logs-max:10 dir:/data/data/com.termux/files/home/.npm/_logs/2025-08-19T16_15_26_168Z-
10 verbose logfile /data/data/com.termux/files/home/.npm/_logs/2025-08-19T16_15_26_168Z-debug-0.log
11 silly logfile start cleaning logs, removing 1 files
12 silly packumentCache heap:1098907648 maxSize:274726912 maxEntrySize:137363456
13 silly logfile done cleaning log files
14 silly idealTree buildDeps
15 silly fetch manifest express@^5.1.0
16 silly packumentCache full:https://registry.npmjs.org/express cache-miss
17 http cache https://registry.npmjs.org/express 138ms (cache hit)
18 silly packumentCache full:https://registry.npmjs.org/express set size:796252 disposed:false
19 silly fetch manifest multer@^2.0.2
20 silly packumentCache full:https://registry.npmjs.org/multer cache-miss
21 http cache https://registry.npmjs.org/multer 19ms (cache hit)
22 silly packumentCache full:https://registry.npmjs.org/multer set size:145789 disposed:false
23 silly fetch manifest cors@*
24 silly packumentCache full:https://registry.npmjs.org/cors cache-miss
25 http fetch GET 200 https://registry.npmjs.org/cors 337ms (cache revalidated)
26 silly packumentCache full:https://registry.npmjs.org/cors set size:73833 disposed:false
27 silly placeDep ROOT cors@2.8.5 OK for: catbot@1.0.0 want: *
28 silly placeDep ROOT express@5.1.0 REPLACE for: catbot@1.0.0 want: ^5.1.0
29 silly placeDep ROOT multer@2.0.2 REPLACE for: catbot@1.0.0 want: ^2.0.2
30 silly reify moves {}
31 silly audit bulk request {
31 silly audit   accepts: [ '2.0.0' ],
31 silly audit   'append-field': [ '1.0.0' ],
31 silly audit   'body-parser': [ '2.2.0' ],
31 silly audit   'buffer-from': [ '1.1.2' ],
31 silly audit   busboy: [ '1.6.0' ],
31 silly audit   bytes: [ '3.1.2' ],
31 silly audit   'call-bind-apply-helpers': [ '1.0.2' ],
31 silly audit   'call-bound': [ '1.0.4' ],
31 silly audit   'concat-stream': [ '2.0.0' ],
31 silly audit   'content-disposition': [ '1.0.0' ],
31 silly audit   'content-type': [ '1.0.5' ],
31 silly audit   cookie: [ '0.7.2' ],
31 silly audit   'cookie-signature': [ '1.2.2' ],
31 silly audit   debug: [ '4.4.1' ],
31 silly audit   depd: [ '2.0.0' ],
31 silly audit   'dunder-proto': [ '1.0.1' ],
31 silly audit   'ee-first': [ '1.1.1' ],
31 silly audit   encodeurl: [ '2.0.0' ],
31 silly audit   'es-define-property': [ '1.0.1' ],
31 silly audit   'es-errors': [ '1.3.0' ],
31 silly audit   'es-object-atoms': [ '1.1.1' ],
31 silly audit   'escape-html': [ '1.0.3' ],
31 silly audit   etag: [ '1.8.1' ],
31 silly audit   finalhandler: [ '2.1.0' ],
31 silly audit   forwarded: [ '0.2.0' ],
31 silly audit   fresh: [ '2.0.0' ],
31 silly audit   'function-bind': [ '1.1.2' ],
31 silly audit   'get-intrinsic': [ '1.3.0' ],
31 silly audit   'get-proto': [ '1.0.1' ],
31 silly audit   gopd: [ '1.2.0' ],
31 silly audit   'has-symbols': [ '1.1.0' ],
31 silly audit   hasown: [ '2.0.2' ],
31 silly audit   'http-errors': [ '2.0.0' ],
31 silly audit   statuses: [ '2.0.1', '2.0.2' ],
31 silly audit   'iconv-lite': [ '0.6.3' ],
31 silly audit   inherits: [ '2.0.4' ],
31 silly audit   'ipaddr.js': [ '1.9.1' ],
31 silly audit   'is-promise': [ '4.0.0' ],
31 silly audit   'math-intrinsics': [ '1.1.0' ],
31 silly audit   'media-typer': [ '1.1.0', '0.3.0' ],
31 silly audit   'merge-descriptors': [ '2.0.0' ],
31 silly audit   'mime-db': [ '1.54.0', '1.52.0' ],
31 silly audit   'mime-types': [ '3.0.1', '2.1.35' ],
31 silly audit   minimist: [ '1.2.8' ],
31 silly audit   mkdirp: [ '0.5.6' ],
31 silly audit   ms: [ '2.1.3' ],
31 silly audit   'type-is': [ '2.0.1', '1.6.18' ],
31 silly audit   negotiator: [ '1.0.0' ],
31 silly audit   'object-assign': [ '4.1.1' ],
31 silly audit   'object-inspect': [ '1.13.4' ],
31 silly audit   'on-finished': [ '2.4.1' ],
31 silly audit   once: [ '1.4.0' ],
31 silly audit   parseurl: [ '1.3.3' ],
31 silly audit   'path-to-regexp': [ '8.2.0' ],
31 silly audit   'proxy-addr': [ '2.0.7' ],
31 silly audit   qs: [ '6.14.0' ],
31 silly audit   'range-parser': [ '1.2.1' ],
31 silly audit   'raw-body': [ '3.0.0' ],
31 silly audit   'readable-stream': [ '3.6.2' ],
31 silly audit   router: [ '2.2.0' ],
31 silly audit   'safe-buffer': [ '5.2.1' ],
31 silly audit   'safer-buffer': [ '2.1.2' ],
31 silly audit   send: [ '1.2.0' ],
31 silly audit   'serve-static': [ '2.2.0' ],
31 silly audit   setprototypeof: [ '1.2.0' ],
31 silly audit   'side-channel': [ '1.1.0' ],
31 silly audit   'side-channel-list': [ '1.0.0' ],
31 silly audit   'side-channel-map': [ '1.0.1' ],
31 silly audit   'side-channel-weakmap': [ '1.0.2' ],
31 silly audit   streamsearch: [ '1.1.0' ],
31 silly audit   string_decoder: [ '1.3.0' ],
31 silly audit   toidentifier: [ '1.0.1' ],
31 silly audit   typedarray: [ '0.0.6' ],
31 silly audit   unpipe: [ '1.0.0' ],
31 silly audit   'util-deprecate': [ '1.0.2' ],
31 silly audit   vary: [ '1.1.2' ],
31 silly audit   wrappy: [ '1.0.2' ],
31 silly audit   xtend: [ '4.0.2' ],
31 silly audit   cors: [ '2.8.5' ],
31 silly audit   express: [ '5.1.0' ],
31 silly audit   multer: [ '2.0.2' ]
31 silly audit }
32 http cache cors@https://registry.npmjs.org/cors/-/cors-2.8.5.tgz 0ms (cache hit)
33 http fetch POST 200 https://registry.npmjs.org/-/npm/v1/security/advisories/bulk 316ms
34 silly audit report {}
35 silly ADD node_modules/cors
36 verbose cwd /data/data/com.termux/files/home/catbot
37 verbose os Linux 6.6.30-android15-8-g6b55ce738535-4k
38 verbose node v22.18.0
39 verbose npm  v10.9.3
40 verbose exit 0
41 info ok
