0 verbose cli /data/data/com.termux/files/usr/bin/node /data/data/com.termux/files/usr/bin/npm
1 info using npm@10.9.3
2 info using node@v22.18.0
3 silly config load:file:/data/data/com.termux/files/usr/lib/node_modules/npm/npmrc
4 silly config load:file:/data/data/com.termux/files/home/catbot/.npmrc
5 silly config load:file:/data/data/com.termux/files/home/.npmrc
6 silly config load:file:/data/data/com.termux/files/usr/etc/npmrc
7 verbose title npm install express multer
8 verbose argv "install" "express" "multer"
9 verbose logfile logs-max:10 dir:/data/data/com.termux/files/home/.npm/_logs/2025-08-19T16_13_50_644Z-
10 verbose logfile /data/data/com.termux/files/home/.npm/_logs/2025-08-19T16_13_50_644Z-debug-0.log
11 silly logfile start cleaning logs, removing 1 files
12 silly packumentCache heap:1098907648 maxSize:274726912 maxEntrySize:137363456
13 silly logfile done cleaning log files
14 silly idealTree buildDeps
15 silly fetch manifest express@^5.1.0
16 silly packumentCache full:https://registry.npmjs.org/express cache-miss
17 verbose shrinkwrap failed to load node_modules/.package-lock.json out of date, updated: node_modules
18 http fetch GET 200 https://registry.npmjs.org/express 545ms (cache revalidated)
19 silly packumentCache full:https://registry.npmjs.org/express set size:796252 disposed:false
20 silly fetch manifest multer@*
21 silly packumentCache full:https://registry.npmjs.org/multer cache-miss
22 http fetch GET 200 https://registry.npmjs.org/multer 122ms (cache revalidated)
23 silly packumentCache full:https://registry.npmjs.org/multer set size:145789 disposed:false
24 silly placeDep ROOT express@5.1.0 REPLACE for: catbot@1.0.0 want: ^5.1.0
25 silly placeDep ROOT multer@2.0.2 OK for: catbot@1.0.0 want: *
26 silly fetch manifest append-field@^1.0.0
27 silly packumentCache full:https://registry.npmjs.org/append-field cache-miss
28 silly fetch manifest busboy@^1.6.0
29 silly packumentCache full:https://registry.npmjs.org/busboy cache-miss
30 silly fetch manifest concat-stream@^2.0.0
31 silly packumentCache full:https://registry.npmjs.org/concat-stream cache-miss
32 silly fetch manifest mkdirp@^0.5.6
33 silly packumentCache full:https://registry.npmjs.org/mkdirp cache-miss
34 silly fetch manifest object-assign@^4.1.1
35 silly packumentCache full:https://registry.npmjs.org/object-assign cache-miss
36 silly fetch manifest type-is@^1.6.18
37 silly packumentCache full:https://registry.npmjs.org/type-is cache-miss
38 silly fetch manifest xtend@^4.0.2
39 silly packumentCache full:https://registry.npmjs.org/xtend cache-miss
40 http fetch GET 200 https://registry.npmjs.org/concat-stream 172ms (cache revalidated)
41 silly packumentCache full:https://registry.npmjs.org/concat-stream set size:63783 disposed:false
42 http fetch GET 200 https://registry.npmjs.org/mkdirp 301ms (cache revalidated)
43 silly packumentCache full:https://registry.npmjs.org/mkdirp set size:116455 disposed:false
44 http fetch GET 200 https://registry.npmjs.org/append-field 316ms (cache revalidated)
45 silly packumentCache full:https://registry.npmjs.org/append-field set size:7798 disposed:false
46 http fetch GET 200 https://registry.npmjs.org/type-is 332ms (cache revalidated)
47 silly packumentCache full:https://registry.npmjs.org/type-is set size:86196 disposed:false
48 http fetch GET 200 https://registry.npmjs.org/busboy 343ms (cache revalidated)
49 silly packumentCache full:https://registry.npmjs.org/busboy set size:78925 disposed:false
50 http fetch GET 200 https://registry.npmjs.org/xtend 353ms (cache revalidated)
51 silly packumentCache full:https://registry.npmjs.org/xtend set size:28314 disposed:false
52 http fetch GET 200 https://registry.npmjs.org/object-assign 381ms (cache revalidated)
53 silly packumentCache full:https://registry.npmjs.org/object-assign set size:28988 disposed:false
54 silly placeDep ROOT append-field@1.0.0 OK for: multer@2.0.2 want: ^1.0.0
55 silly placeDep ROOT busboy@1.6.0 OK for: multer@2.0.2 want: ^1.6.0
56 silly placeDep ROOT concat-stream@2.0.0 OK for: multer@2.0.2 want: ^2.0.0
57 silly placeDep ROOT mkdirp@0.5.6 OK for: multer@2.0.2 want: ^0.5.6
58 silly placeDep ROOT object-assign@4.1.1 OK for: multer@2.0.2 want: ^4.1.1
59 silly placeDep node_modules/multer type-is@1.6.18 OK for: multer@2.0.2 want: ^1.6.18
60 silly placeDep ROOT xtend@4.0.2 OK for: multer@2.0.2 want: ^4.0.2
61 silly fetch manifest streamsearch@^1.1.0
62 silly packumentCache full:https://registry.npmjs.org/streamsearch cache-miss
63 silly fetch manifest buffer-from@^1.0.0
64 silly packumentCache full:https://registry.npmjs.org/buffer-from cache-miss
65 silly fetch manifest readable-stream@^3.0.2
66 silly packumentCache full:https://registry.npmjs.org/readable-stream cache-miss
67 silly fetch manifest typedarray@^0.0.6
68 silly packumentCache full:https://registry.npmjs.org/typedarray cache-miss
69 silly fetch manifest minimist@^1.2.6
70 silly packumentCache full:https://registry.npmjs.org/minimist cache-miss
71 silly fetch manifest mime-types@~2.1.24
72 silly packumentCache full:https://registry.npmjs.org/mime-types cache-miss
73 silly fetch manifest media-typer@0.3.0
74 silly packumentCache full:https://registry.npmjs.org/media-typer cache-miss
75 http fetch GET 200 https://registry.npmjs.org/buffer-from 115ms (cache revalidated)
76 silly packumentCache full:https://registry.npmjs.org/buffer-from set size:15463 disposed:false
77 http fetch GET 200 https://registry.npmjs.org/typedarray 118ms (cache revalidated)
78 silly packumentCache full:https://registry.npmjs.org/typedarray set size:18469 disposed:false
79 http fetch GET 200 https://registry.npmjs.org/readable-stream 124ms (cache revalidated)
80 silly packumentCache full:https://registry.npmjs.org/readable-stream set size:261096 disposed:false
81 http fetch GET 200 https://registry.npmjs.org/media-typer 150ms (cache revalidated)
82 silly packumentCache full:https://registry.npmjs.org/media-typer set size:20873 disposed:false
83 http fetch GET 200 https://registry.npmjs.org/mime-types 154ms (cache revalidated)
84 silly packumentCache full:https://registry.npmjs.org/mime-types set size:136716 disposed:false
85 http fetch GET 200 https://registry.npmjs.org/streamsearch 169ms (cache revalidated)
86 silly packumentCache full:https://registry.npmjs.org/streamsearch set size:27372 disposed:false
87 http fetch GET 200 https://registry.npmjs.org/minimist 167ms (cache revalidated)
88 silly packumentCache full:https://registry.npmjs.org/minimist set size:77097 disposed:false
89 silly placeDep ROOT streamsearch@1.1.0 OK for: busboy@1.6.0 want: ^1.1.0
90 silly placeDep ROOT buffer-from@1.1.2 OK for: concat-stream@2.0.0 want: ^1.0.0
91 silly placeDep ROOT readable-stream@3.6.2 OK for: concat-stream@2.0.0 want: ^3.0.2
92 silly placeDep ROOT typedarray@0.0.6 OK for: concat-stream@2.0.0 want: ^0.0.6
93 silly fetch manifest string_decoder@^1.1.1
94 silly packumentCache full:https://registry.npmjs.org/string_decoder cache-miss
95 silly fetch manifest util-deprecate@^1.0.1
96 silly packumentCache full:https://registry.npmjs.org/util-deprecate cache-miss
97 http fetch GET 200 https://registry.npmjs.org/string_decoder 93ms (cache revalidated)
98 silly packumentCache full:https://registry.npmjs.org/string_decoder set size:28441 disposed:false
99 http fetch GET 200 https://registry.npmjs.org/util-deprecate 95ms (cache revalidated)
100 silly packumentCache full:https://registry.npmjs.org/util-deprecate set size:6674 disposed:false
101 silly placeDep ROOT minimist@1.2.8 OK for: mkdirp@0.5.6 want: ^1.2.6
102 silly placeDep ROOT string_decoder@1.3.0 OK for: readable-stream@3.6.2 want: ^1.1.1
103 silly placeDep ROOT util-deprecate@1.0.2 OK for: readable-stream@3.6.2 want: ^1.0.1
104 silly placeDep node_modules/multer media-typer@0.3.0 OK for: type-is@1.6.18 want: 0.3.0
105 silly placeDep node_modules/multer mime-types@2.1.35 OK for: type-is@1.6.18 want: ~2.1.24
106 silly fetch manifest mime-db@1.52.0
107 silly packumentCache full:https://registry.npmjs.org/mime-db cache-miss
108 http fetch GET 200 https://registry.npmjs.org/mime-db 85ms (cache revalidated)
109 silly packumentCache full:https://registry.npmjs.org/mime-db set size:164953 disposed:false
110 silly placeDep node_modules/multer mime-db@1.52.0 OK for: mime-types@2.1.35 want: 1.52.0
111 silly reify moves {}
112 silly audit bulk request {
112 silly audit   accepts: [ '2.0.0' ],
112 silly audit   'body-parser': [ '2.2.0' ],
112 silly audit   bytes: [ '3.1.2' ],
112 silly audit   'call-bind-apply-helpers': [ '1.0.2' ],
112 silly audit   'call-bound': [ '1.0.4' ],
112 silly audit   'content-disposition': [ '1.0.0' ],
112 silly audit   'content-type': [ '1.0.5' ],
112 silly audit   cookie: [ '0.7.2' ],
112 silly audit   'cookie-signature': [ '1.2.2' ],
112 silly audit   debug: [ '4.4.1' ],
112 silly audit   depd: [ '2.0.0' ],
112 silly audit   'dunder-proto': [ '1.0.1' ],
112 silly audit   'ee-first': [ '1.1.1' ],
112 silly audit   encodeurl: [ '2.0.0' ],
112 silly audit   'es-define-property': [ '1.0.1' ],
112 silly audit   'es-errors': [ '1.3.0' ],
112 silly audit   'es-object-atoms': [ '1.1.1' ],
112 silly audit   'escape-html': [ '1.0.3' ],
112 silly audit   etag: [ '1.8.1' ],
112 silly audit   finalhandler: [ '2.1.0' ],
112 silly audit   forwarded: [ '0.2.0' ],
112 silly audit   fresh: [ '2.0.0' ],
112 silly audit   'function-bind': [ '1.1.2' ],
112 silly audit   'get-intrinsic': [ '1.3.0' ],
112 silly audit   'get-proto': [ '1.0.1' ],
112 silly audit   gopd: [ '1.2.0' ],
112 silly audit   'has-symbols': [ '1.1.0' ],
112 silly audit   hasown: [ '2.0.2' ],
112 silly audit   'http-errors': [ '2.0.0' ],
112 silly audit   statuses: [ '2.0.1', '2.0.2' ],
112 silly audit   'iconv-lite': [ '0.6.3' ],
112 silly audit   inherits: [ '2.0.4' ],
112 silly audit   'ipaddr.js': [ '1.9.1' ],
112 silly audit   'is-promise': [ '4.0.0' ],
112 silly audit   'math-intrinsics': [ '1.1.0' ],
112 silly audit   'media-typer': [ '1.1.0', '0.3.0' ],
112 silly audit   'merge-descriptors': [ '2.0.0' ],
112 silly audit   'mime-db': [ '1.54.0', '1.52.0' ],
112 silly audit   'mime-types': [ '3.0.1', '2.1.35' ],
112 silly audit   ms: [ '2.1.3' ],
112 silly audit   negotiator: [ '1.0.0' ],
112 silly audit   'object-inspect': [ '1.13.4' ],
112 silly audit   'on-finished': [ '2.4.1' ],
112 silly audit   once: [ '1.4.0' ],
112 silly audit   parseurl: [ '1.3.3' ],
112 silly audit   'path-to-regexp': [ '8.2.0' ],
112 silly audit   'proxy-addr': [ '2.0.7' ],
112 silly audit   qs: [ '6.14.0' ],
112 silly audit   'range-parser': [ '1.2.1' ],
112 silly audit   'raw-body': [ '3.0.0' ],
112 silly audit   router: [ '2.2.0' ],
112 silly audit   'safe-buffer': [ '5.2.1' ],
112 silly audit   'safer-buffer': [ '2.1.2' ],
112 silly audit   send: [ '1.2.0' ],
112 silly audit   'serve-static': [ '2.2.0' ],
112 silly audit   setprototypeof: [ '1.2.0' ],
112 silly audit   'side-channel': [ '1.1.0' ],
112 silly audit   'side-channel-list': [ '1.0.0' ],
112 silly audit   'side-channel-map': [ '1.0.1' ],
112 silly audit   'side-channel-weakmap': [ '1.0.2' ],
112 silly audit   toidentifier: [ '1.0.1' ],
112 silly audit   'type-is': [ '2.0.1', '1.6.18' ],
112 silly audit   unpipe: [ '1.0.0' ],
112 silly audit   vary: [ '1.1.2' ],
112 silly audit   wrappy: [ '1.0.2' ],
112 silly audit   express: [ '5.1.0' ],
112 silly audit   multer: [ '2.0.2' ],
112 silly audit   'append-field': [ '1.0.0' ],
112 silly audit   busboy: [ '1.6.0' ],
112 silly audit   'concat-stream': [ '2.0.0' ],
112 silly audit   mkdirp: [ '0.5.6' ],
112 silly audit   'object-assign': [ '4.1.1' ],
112 silly audit   xtend: [ '4.0.2' ],
112 silly audit   streamsearch: [ '1.1.0' ],
112 silly audit   'buffer-from': [ '1.1.2' ],
112 silly audit   'readable-stream': [ '3.6.2' ],
112 silly audit   typedarray: [ '0.0.6' ],
112 silly audit   minimist: [ '1.2.8' ],
112 silly audit   string_decoder: [ '1.3.0' ],
112 silly audit   'util-deprecate': [ '1.0.2' ]
112 silly audit }
113 http cache util-deprecate@https://registry.npmjs.org/util-deprecate/-/util-deprecate-1.0.2.tgz 0ms (cache hit)
114 http cache typedarray@https://registry.npmjs.org/typedarray/-/typedarray-0.0.6.tgz 0ms (cache hit)
115 http cache minimist@https://registry.npmjs.org/minimist/-/minimist-1.2.8.tgz 0ms (cache hit)
116 http cache string_decoder@https://registry.npmjs.org/string_decoder/-/string_decoder-1.3.0.tgz 0ms (cache hit)
117 http cache readable-stream@https://registry.npmjs.org/readable-stream/-/readable-stream-3.6.2.tgz 0ms (cache hit)
118 http cache streamsearch@https://registry.npmjs.org/streamsearch/-/streamsearch-1.1.0.tgz 0ms (cache hit)
119 http cache xtend@https://registry.npmjs.org/xtend/-/xtend-4.0.2.tgz 0ms (cache hit)
120 http cache object-assign@https://registry.npmjs.org/object-assign/-/object-assign-4.1.1.tgz 0ms (cache hit)
121 http cache mkdirp@https://registry.npmjs.org/mkdirp/-/mkdirp-0.5.6.tgz 0ms (cache hit)
122 http cache concat-stream@https://registry.npmjs.org/concat-stream/-/concat-stream-2.0.0.tgz 0ms (cache hit)
123 http cache busboy@https://registry.npmjs.org/busboy/-/busboy-1.6.0.tgz 0ms (cache hit)
124 http cache append-field@https://registry.npmjs.org/append-field/-/append-field-1.0.0.tgz 0ms (cache hit)
125 http cache buffer-from@https://registry.npmjs.org/buffer-from/-/buffer-from-1.1.2.tgz 0ms (cache hit)
126 http cache multer@https://registry.npmjs.org/multer/-/multer-2.0.2.tgz 0ms (cache hit)
127 http cache mime-db@https://registry.npmjs.org/mime-db/-/mime-db-1.52.0.tgz 0ms (cache hit)
128 http cache mime-types@https://registry.npmjs.org/mime-types/-/mime-types-2.1.35.tgz 0ms (cache hit)
129 http cache type-is@https://registry.npmjs.org/type-is/-/type-is-1.6.18.tgz 0ms (cache hit)
130 http cache media-typer@https://registry.npmjs.org/media-typer/-/media-typer-0.3.0.tgz 0ms (cache hit)
131 http fetch POST 200 https://registry.npmjs.org/-/npm/v1/security/advisories/bulk 502ms
132 silly audit report {}
133 silly ADD node_modules/util-deprecate
134 silly ADD node_modules/string_decoder
135 silly ADD node_modules/minimist
136 silly ADD node_modules/typedarray
137 silly ADD node_modules/readable-stream
138 silly ADD node_modules/buffer-from
139 silly ADD node_modules/streamsearch
140 silly ADD node_modules/xtend
141 silly ADD node_modules/object-assign
142 silly ADD node_modules/mkdirp
143 silly ADD node_modules/concat-stream
144 silly ADD node_modules/busboy
145 silly ADD node_modules/append-field
146 silly ADD node_modules/multer
147 silly ADD node_modules/multer/node_modules/mime-db
148 silly ADD node_modules/multer/node_modules/mime-types
149 silly ADD node_modules/multer/node_modules/media-typer
150 silly ADD node_modules/multer/node_modules/type-is
151 verbose cwd /data/data/com.termux/files/home/catbot
152 verbose os Linux 6.6.30-android15-8-g6b55ce738535-4k
153 verbose node v22.18.0
154 verbose npm  v10.9.3
155 verbose exit 0
156 info ok
