0 verbose cli /data/data/com.termux/files/usr/bin/node /data/data/com.termux/files/usr/bin/npm
1 info using npm@11.5.1
2 info using node@v24.5.0
3 silly config load:file:/data/data/com.termux/files/usr/lib/node_modules/npm/npmrc
4 silly config load:file:/storage/emulated/0/catbot/.npmrc
5 silly config load:file:/data/data/com.termux/files/home/.npmrc
6 silly config load:file:/data/data/com.termux/files/usr/etc/npmrc
7 verbose title npm install express multer node-fetch cors
8 verbose argv "install" "express" "multer" "node-fetch" "cors"
9 verbose logfile logs-max:10 dir:/data/data/com.termux/files/home/.npm/_logs/2025-08-19T14_20_38_281Z-
10 verbose logfile /data/data/com.termux/files/home/.npm/_logs/2025-08-19T14_20_38_281Z-debug-0.log
11 silly logfile start cleaning logs, removing 1 files
12 silly packumentCache heap:1174405120 maxSize:293601280 maxEntrySize:146800640
13 silly logfile done cleaning log files
14 silly idealTree buildDeps
15 silly fetch manifest express@^5.1.0
16 silly packumentCache full:https://registry.npmjs.org/express cache-miss
17 verbose shrinkwrap failed to load node_modules/.package-lock.json out of date, updated: node_modules
18 http fetch GET 200 https://registry.npmjs.org/express 679ms (cache revalidated)
19 silly packumentCache full:https://registry.npmjs.org/express set size:796252 disposed:false
20 silly fetch manifest multer@*
21 silly packumentCache full:https://registry.npmjs.org/multer cache-miss
22 http cache https://registry.npmjs.org/multer 19ms (cache hit)
23 silly packumentCache full:https://registry.npmjs.org/multer set size:145789 disposed:false
24 silly fetch manifest node-fetch@*
25 silly packumentCache full:https://registry.npmjs.org/node-fetch cache-miss
26 http cache https://registry.npmjs.org/node-fetch 27ms (cache hit)
27 silly packumentCache full:https://registry.npmjs.org/node-fetch set size:896010 disposed:false
28 silly fetch manifest cors@*
29 silly packumentCache full:https://registry.npmjs.org/cors cache-miss
30 http cache https://registry.npmjs.org/cors 18ms (cache hit)
31 silly packumentCache full:https://registry.npmjs.org/cors set size:73833 disposed:false
32 silly placeDep ROOT cors@2.8.5 OK for: catbot@1.0.0 want: *
33 silly placeDep ROOT express@5.1.0 REPLACE for: catbot@1.0.0 want: ^5.1.0
34 silly placeDep ROOT multer@2.0.2 OK for: catbot@1.0.0 want: *
35 silly placeDep ROOT node-fetch@3.3.2 OK for: catbot@1.0.0 want: *
36 silly fetch manifest object-assign@^4
37 silly packumentCache full:https://registry.npmjs.org/object-assign cache-miss
38 silly fetch manifest append-field@^1.0.0
39 silly packumentCache full:https://registry.npmjs.org/append-field cache-miss
40 silly fetch manifest busboy@^1.6.0
41 silly packumentCache full:https://registry.npmjs.org/busboy cache-miss
42 silly fetch manifest concat-stream@^2.0.0
43 silly packumentCache full:https://registry.npmjs.org/concat-stream cache-miss
44 silly fetch manifest mkdirp@^0.5.6
45 silly packumentCache full:https://registry.npmjs.org/mkdirp cache-miss
46 silly fetch manifest object-assign@^4.1.1
47 silly packumentCache full:https://registry.npmjs.org/object-assign cache-miss
48 silly fetch manifest type-is@^1.6.18
49 silly packumentCache full:https://registry.npmjs.org/type-is cache-miss
50 http cache https://registry.npmjs.org/append-field 68ms (cache hit)
51 silly packumentCache full:https://registry.npmjs.org/append-field set size:7798 disposed:false
52 silly fetch manifest xtend@^4.0.2
53 silly packumentCache full:https://registry.npmjs.org/xtend cache-miss
54 http cache https://registry.npmjs.org/busboy 74ms (cache hit)
55 silly packumentCache full:https://registry.npmjs.org/busboy set size:78925 disposed:false
56 silly fetch manifest data-uri-to-buffer@^4.0.0
57 silly packumentCache full:https://registry.npmjs.org/data-uri-to-buffer cache-miss
58 http cache https://registry.npmjs.org/concat-stream 83ms (cache hit)
59 silly packumentCache full:https://registry.npmjs.org/concat-stream set size:63783 disposed:false
60 silly fetch manifest fetch-blob@^3.1.4
61 silly packumentCache full:https://registry.npmjs.org/fetch-blob cache-miss
62 http cache https://registry.npmjs.org/mkdirp 91ms (cache hit)
63 silly packumentCache full:https://registry.npmjs.org/mkdirp set size:116455 disposed:false
64 silly fetch manifest formdata-polyfill@^4.0.10
65 silly packumentCache full:https://registry.npmjs.org/formdata-polyfill cache-miss
66 http cache https://registry.npmjs.org/object-assign 109ms (cache hit)
67 silly packumentCache full:https://registry.npmjs.org/object-assign set size:28988 disposed:false
68 http cache https://registry.npmjs.org/object-assign 108ms (cache hit)
69 silly packumentCache full:https://registry.npmjs.org/object-assign set size:28988 disposed:false
70 silly packumentCache full:https://registry.npmjs.org/object-assign dispose
71 http cache https://registry.npmjs.org/data-uri-to-buffer 71ms (cache hit)
72 silly packumentCache full:https://registry.npmjs.org/data-uri-to-buffer set size:43253 disposed:false
73 http cache https://registry.npmjs.org/xtend 87ms (cache hit)
74 silly packumentCache full:https://registry.npmjs.org/xtend set size:28314 disposed:false
75 http cache https://registry.npmjs.org/fetch-blob 73ms (cache hit)
76 silly packumentCache full:https://registry.npmjs.org/fetch-blob set size:73704 disposed:false
77 http cache https://registry.npmjs.org/formdata-polyfill 70ms (cache hit)
78 silly packumentCache full:https://registry.npmjs.org/formdata-polyfill set size:94446 disposed:false
79 http fetch GET 200 https://registry.npmjs.org/type-is 180ms (cache revalidated)
80 silly packumentCache full:https://registry.npmjs.org/type-is set size:86196 disposed:false
81 silly placeDep ROOT object-assign@4.1.1 OK for: cors@2.8.5 want: ^4
82 silly placeDep ROOT append-field@1.0.0 OK for: multer@2.0.2 want: ^1.0.0
83 silly placeDep ROOT busboy@1.6.0 OK for: multer@2.0.2 want: ^1.6.0
84 silly placeDep ROOT concat-stream@2.0.0 OK for: multer@2.0.2 want: ^2.0.0
85 silly placeDep ROOT mkdirp@0.5.6 OK for: multer@2.0.2 want: ^0.5.6
86 silly placeDep node_modules/multer type-is@1.6.18 OK for: multer@2.0.2 want: ^1.6.18
87 silly placeDep ROOT xtend@4.0.2 OK for: multer@2.0.2 want: ^4.0.2
88 silly fetch manifest streamsearch@^1.1.0
89 silly packumentCache full:https://registry.npmjs.org/streamsearch cache-miss
90 silly fetch manifest buffer-from@^1.0.0
91 silly packumentCache full:https://registry.npmjs.org/buffer-from cache-miss
92 silly fetch manifest readable-stream@^3.0.2
93 silly packumentCache full:https://registry.npmjs.org/readable-stream cache-miss
94 silly fetch manifest typedarray@^0.0.6
95 silly packumentCache full:https://registry.npmjs.org/typedarray cache-miss
96 silly fetch manifest minimist@^1.2.6
97 silly packumentCache full:https://registry.npmjs.org/minimist cache-miss
98 silly fetch manifest mime-types@~2.1.24
99 silly packumentCache full:https://registry.npmjs.org/mime-types cache-miss
100 silly fetch manifest media-typer@0.3.0
101 silly packumentCache full:https://registry.npmjs.org/media-typer cache-miss
102 http cache https://registry.npmjs.org/streamsearch 60ms (cache hit)
103 silly packumentCache full:https://registry.npmjs.org/streamsearch set size:27372 disposed:false
104 http cache https://registry.npmjs.org/buffer-from 62ms (cache hit)
105 silly packumentCache full:https://registry.npmjs.org/buffer-from set size:15463 disposed:false
106 http cache https://registry.npmjs.org/readable-stream 65ms (cache hit)
107 silly packumentCache full:https://registry.npmjs.org/readable-stream set size:261096 disposed:false
108 http cache https://registry.npmjs.org/minimist 80ms (cache hit)
109 silly packumentCache full:https://registry.npmjs.org/minimist set size:77097 disposed:false
110 http cache https://registry.npmjs.org/typedarray 89ms (cache hit)
111 silly packumentCache full:https://registry.npmjs.org/typedarray set size:18469 disposed:false
112 http fetch GET 200 https://registry.npmjs.org/media-typer 105ms (cache revalidated)
113 silly packumentCache full:https://registry.npmjs.org/media-typer set size:20873 disposed:false
114 http fetch GET 200 https://registry.npmjs.org/mime-types 287ms (cache revalidated)
115 silly packumentCache full:https://registry.npmjs.org/mime-types set size:136716 disposed:false
116 silly placeDep ROOT streamsearch@1.1.0 OK for: busboy@1.6.0 want: ^1.1.0
117 silly placeDep ROOT buffer-from@1.1.2 OK for: concat-stream@2.0.0 want: ^1.0.0
118 silly placeDep ROOT readable-stream@3.6.2 OK for: concat-stream@2.0.0 want: ^3.0.2
119 silly placeDep ROOT typedarray@0.0.6 OK for: concat-stream@2.0.0 want: ^0.0.6
120 silly fetch manifest string_decoder@^1.1.1
121 silly packumentCache full:https://registry.npmjs.org/string_decoder cache-miss
122 silly fetch manifest util-deprecate@^1.0.1
123 silly packumentCache full:https://registry.npmjs.org/util-deprecate cache-miss
124 http cache https://registry.npmjs.org/util-deprecate 17ms (cache hit)
125 silly packumentCache full:https://registry.npmjs.org/util-deprecate set size:6674 disposed:false
126 http cache https://registry.npmjs.org/string_decoder 22ms (cache hit)
127 silly packumentCache full:https://registry.npmjs.org/string_decoder set size:28441 disposed:false
128 silly placeDep ROOT minimist@1.2.8 OK for: mkdirp@0.5.6 want: ^1.2.6
129 silly placeDep ROOT data-uri-to-buffer@4.0.1 OK for: node-fetch@3.3.2 want: ^4.0.0
130 silly placeDep ROOT fetch-blob@3.2.0 OK for: node-fetch@3.3.2 want: ^3.1.4
131 silly placeDep ROOT formdata-polyfill@4.0.10 OK for: node-fetch@3.3.2 want: ^4.0.10
132 silly fetch manifest node-domexception@^1.0.0
133 silly packumentCache full:https://registry.npmjs.org/node-domexception cache-miss
134 silly fetch manifest web-streams-polyfill@^3.0.3
135 silly packumentCache full:https://registry.npmjs.org/web-streams-polyfill cache-miss
136 http cache https://registry.npmjs.org/node-domexception 16ms (cache hit)
137 silly packumentCache full:https://registry.npmjs.org/node-domexception set size:11516 disposed:false
138 http cache https://registry.npmjs.org/web-streams-polyfill 19ms (cache hit)
139 silly packumentCache full:https://registry.npmjs.org/web-streams-polyfill set size:136634 disposed:false
140 silly placeDep ROOT node-domexception@1.0.0 OK for: fetch-blob@3.2.0 want: ^1.0.0
141 silly placeDep ROOT web-streams-polyfill@3.3.3 OK for: fetch-blob@3.2.0 want: ^3.0.3
142 silly placeDep ROOT string_decoder@1.3.0 OK for: readable-stream@3.6.2 want: ^1.1.1
143 silly placeDep ROOT util-deprecate@1.0.2 OK for: readable-stream@3.6.2 want: ^1.0.1
144 silly placeDep node_modules/multer media-typer@0.3.0 OK for: type-is@1.6.18 want: 0.3.0
145 silly placeDep node_modules/multer mime-types@2.1.35 OK for: type-is@1.6.18 want: ~2.1.24
146 silly fetch manifest mime-db@1.52.0
147 silly packumentCache full:https://registry.npmjs.org/mime-db cache-miss
148 http fetch GET 200 https://registry.npmjs.org/mime-db 93ms (cache revalidated)
149 silly packumentCache full:https://registry.npmjs.org/mime-db set size:164953 disposed:false
150 silly placeDep node_modules/multer mime-db@1.52.0 OK for: mime-types@2.1.35 want: 1.52.0
151 silly reify moves {}
152 silly audit bulk request {
152 silly audit   accepts: [ '2.0.0' ],
152 silly audit   'body-parser': [ '2.2.0' ],
152 silly audit   bytes: [ '3.1.2' ],
152 silly audit   'call-bind-apply-helpers': [ '1.0.2' ],
152 silly audit   'call-bound': [ '1.0.4' ],
152 silly audit   'content-disposition': [ '1.0.0' ],
152 silly audit   'content-type': [ '1.0.5' ],
152 silly audit   cookie: [ '0.7.2' ],
152 silly audit   'cookie-signature': [ '1.2.2' ],
152 silly audit   debug: [ '4.4.1' ],
152 silly audit   depd: [ '2.0.0' ],
152 silly audit   'dunder-proto': [ '1.0.1' ],
152 silly audit   'ee-first': [ '1.1.1' ],
152 silly audit   encodeurl: [ '2.0.0' ],
152 silly audit   'es-define-property': [ '1.0.1' ],
152 silly audit   'es-errors': [ '1.3.0' ],
152 silly audit   'es-object-atoms': [ '1.1.1' ],
152 silly audit   'escape-html': [ '1.0.3' ],
152 silly audit   etag: [ '1.8.1' ],
152 silly audit   finalhandler: [ '2.1.0' ],
152 silly audit   forwarded: [ '0.2.0' ],
152 silly audit   fresh: [ '2.0.0' ],
152 silly audit   'function-bind': [ '1.1.2' ],
152 silly audit   'get-intrinsic': [ '1.3.0' ],
152 silly audit   'get-proto': [ '1.0.1' ],
152 silly audit   gopd: [ '1.2.0' ],
152 silly audit   'has-symbols': [ '1.1.0' ],
152 silly audit   hasown: [ '2.0.2' ],
152 silly audit   'http-errors': [ '2.0.0' ],
152 silly audit   statuses: [ '2.0.1', '2.0.2' ],
152 silly audit   'iconv-lite': [ '0.6.3' ],
152 silly audit   inherits: [ '2.0.4' ],
152 silly audit   'ipaddr.js': [ '1.9.1' ],
152 silly audit   'is-promise': [ '4.0.0' ],
152 silly audit   'math-intrinsics': [ '1.1.0' ],
152 silly audit   'media-typer': [ '1.1.0', '0.3.0' ],
152 silly audit   'merge-descriptors': [ '2.0.0' ],
152 silly audit   'mime-db': [ '1.54.0', '1.52.0' ],
152 silly audit   'mime-types': [ '3.0.1', '2.1.35' ],
152 silly audit   ms: [ '2.1.3' ],
152 silly audit   negotiator: [ '1.0.0' ],
152 silly audit   'object-inspect': [ '1.13.4' ],
152 silly audit   'on-finished': [ '2.4.1' ],
152 silly audit   once: [ '1.4.0' ],
152 silly audit   parseurl: [ '1.3.3' ],
152 silly audit   'path-to-regexp': [ '8.2.0' ],
152 silly audit   'proxy-addr': [ '2.0.7' ],
152 silly audit   qs: [ '6.14.0' ],
152 silly audit   'range-parser': [ '1.2.1' ],
152 silly audit   'raw-body': [ '3.0.0' ],
152 silly audit   router: [ '2.2.0' ],
152 silly audit   'safe-buffer': [ '5.2.1' ],
152 silly audit   'safer-buffer': [ '2.1.2' ],
152 silly audit   send: [ '1.2.0' ],
152 silly audit   'serve-static': [ '2.2.0' ],
152 silly audit   setprototypeof: [ '1.2.0' ],
152 silly audit   'side-channel': [ '1.1.0' ],
152 silly audit   'side-channel-list': [ '1.0.0' ],
152 silly audit   'side-channel-map': [ '1.0.1' ],
152 silly audit   'side-channel-weakmap': [ '1.0.2' ],
152 silly audit   toidentifier: [ '1.0.1' ],
152 silly audit   'type-is': [ '2.0.1', '1.6.18' ],
152 silly audit   unpipe: [ '1.0.0' ],
152 silly audit   vary: [ '1.1.2' ],
152 silly audit   wrappy: [ '1.0.2' ],
152 silly audit   cors: [ '2.8.5' ],
152 silly audit   express: [ '5.1.0' ],
152 silly audit   multer: [ '2.0.2' ],
152 silly audit   'node-fetch': [ '3.3.2' ],
152 silly audit   'object-assign': [ '4.1.1' ],
152 silly audit   'append-field': [ '1.0.0' ],
152 silly audit   busboy: [ '1.6.0' ],
152 silly audit   'concat-stream': [ '2.0.0' ],
152 silly audit   mkdirp: [ '0.5.6' ],
152 silly audit   xtend: [ '4.0.2' ],
152 silly audit   streamsearch: [ '1.1.0' ],
152 silly audit   'buffer-from': [ '1.1.2' ],
152 silly audit   'readable-stream': [ '3.6.2' ],
152 silly audit   typedarray: [ '0.0.6' ],
152 silly audit   minimist: [ '1.2.8' ],
152 silly audit   'data-uri-to-buffer': [ '4.0.1' ],
152 silly audit   'fetch-blob': [ '3.2.0' ],
152 silly audit   'formdata-polyfill': [ '4.0.10' ],
152 silly audit   'node-domexception': [ '1.0.0' ],
152 silly audit   'web-streams-polyfill': [ '3.3.3' ],
152 silly audit   string_decoder: [ '1.3.0' ],
152 silly audit   'util-deprecate': [ '1.0.2' ]
152 silly audit }
153 http cache util-deprecate@https://registry.npmjs.org/util-deprecate/-/util-deprecate-1.0.2.tgz 0ms (cache hit)
154 http cache string_decoder@https://registry.npmjs.org/string_decoder/-/string_decoder-1.3.0.tgz 0ms (cache hit)
155 http cache formdata-polyfill@https://registry.npmjs.org/formdata-polyfill/-/formdata-polyfill-4.0.10.tgz 0ms (cache hit)
156 http cache fetch-blob@https://registry.npmjs.org/fetch-blob/-/fetch-blob-3.2.0.tgz 0ms (cache hit)
157 http cache web-streams-polyfill@https://registry.npmjs.org/web-streams-polyfill/-/web-streams-polyfill-3.3.3.tgz 0ms (cache hit)
158 http cache readable-stream@https://registry.npmjs.org/readable-stream/-/readable-stream-3.6.2.tgz 0ms (cache hit)
159 http cache node-domexception@https://registry.npmjs.org/node-domexception/-/node-domexception-1.0.0.tgz 0ms (cache hit)
160 http cache data-uri-to-buffer@https://registry.npmjs.org/data-uri-to-buffer/-/data-uri-to-buffer-4.0.1.tgz 0ms (cache hit)
161 http cache minimist@https://registry.npmjs.org/minimist/-/minimist-1.2.8.tgz 0ms (cache hit)
162 http cache typedarray@https://registry.npmjs.org/typedarray/-/typedarray-0.0.6.tgz 0ms (cache hit)
163 http cache streamsearch@https://registry.npmjs.org/streamsearch/-/streamsearch-1.1.0.tgz 0ms (cache hit)
164 http cache buffer-from@https://registry.npmjs.org/buffer-from/-/buffer-from-1.1.2.tgz 0ms (cache hit)
165 http cache xtend@https://registry.npmjs.org/xtend/-/xtend-4.0.2.tgz 0ms (cache hit)
166 http cache mkdirp@https://registry.npmjs.org/mkdirp/-/mkdirp-0.5.6.tgz 0ms (cache hit)
167 http cache concat-stream@https://registry.npmjs.org/concat-stream/-/concat-stream-2.0.0.tgz 0ms (cache hit)
168 http cache busboy@https://registry.npmjs.org/busboy/-/busboy-1.6.0.tgz 0ms (cache hit)
169 http cache append-field@https://registry.npmjs.org/append-field/-/append-field-1.0.0.tgz 0ms (cache hit)
170 http cache multer@https://registry.npmjs.org/multer/-/multer-2.0.2.tgz 0ms (cache hit)
171 http cache mime-db@https://registry.npmjs.org/mime-db/-/mime-db-1.52.0.tgz 0ms (cache hit)
172 http cache object-assign@https://registry.npmjs.org/object-assign/-/object-assign-4.1.1.tgz 0ms (cache hit)
173 http cache type-is@https://registry.npmjs.org/type-is/-/type-is-1.6.18.tgz 0ms (cache hit)
174 http cache node-fetch@https://registry.npmjs.org/node-fetch/-/node-fetch-3.3.2.tgz 0ms (cache hit)
175 http cache cors@https://registry.npmjs.org/cors/-/cors-2.8.5.tgz 0ms (cache hit)
176 http cache media-typer@https://registry.npmjs.org/media-typer/-/media-typer-0.3.0.tgz 0ms (cache hit)
177 http cache mime-types@https://registry.npmjs.org/mime-types/-/mime-types-2.1.35.tgz 0ms (cache hit)
178 http fetch POST 200 https://registry.npmjs.org/-/npm/v1/security/advisories/bulk 530ms
179 silly audit report {}
180 warn deprecated node-domexception@1.0.0: Use your platform's native DOMException instead
181 verbose stack Error: EACCES: permission denied, symlink '../mkdirp/bin/cmd.js' -> '/storage/emulated/0/catbot/node_modules/.bin/mkdirp'
181 verbose stack     at async symlink (node:internal/fs/promises:1007:10)
181 verbose stack     at async Promise.all (index 0)
181 verbose stack     at async Promise.all (index 0)
181 verbose stack     at async #createBinLinks (/data/data/com.termux/files/usr/lib/node_modules/npm/node_modules/@npmcli/arborist/lib/arborist/rebuild.js:396:5)
181 verbose stack     at async Promise.allSettled (index 0)
181 verbose stack     at async #linkAllBins (/data/data/com.termux/files/usr/lib/node_modules/npm/node_modules/@npmcli/arborist/lib/arborist/rebuild.js:377:5)
181 verbose stack     at async #build (/data/data/com.termux/files/usr/lib/node_modules/npm/node_modules/@npmcli/arborist/lib/arborist/rebuild.js:162:7)
181 verbose stack     at async Arborist.rebuild (/data/data/com.termux/files/usr/lib/node_modules/npm/node_modules/@npmcli/arborist/lib/arborist/rebuild.js:62:5)
181 verbose stack     at async [reifyPackages] (/data/data/com.termux/files/usr/lib/node_modules/npm/node_modules/@npmcli/arborist/lib/arborist/reify.js:332:11)
181 verbose stack     at async Arborist.reify (/data/data/com.termux/files/usr/lib/node_modules/npm/node_modules/@npmcli/arborist/lib/arborist/reify.js:137:5)
182 error code EACCES
183 error syscall symlink
184 error path ../mkdirp/bin/cmd.js
185 error dest /storage/emulated/0/catbot/node_modules/.bin/mkdirp
186 error errno -13
187 error Error: EACCES: permission denied, symlink '../mkdirp/bin/cmd.js' -> '/storage/emulated/0/catbot/node_modules/.bin/mkdirp'
187 error     at async symlink (node:internal/fs/promises:1007:10)
187 error     at async Promise.all (index 0)
187 error     at async Promise.all (index 0)
187 error     at async #createBinLinks (/data/data/com.termux/files/usr/lib/node_modules/npm/node_modules/@npmcli/arborist/lib/arborist/rebuild.js:396:5)
187 error     at async Promise.allSettled (index 0)
187 error     at async #linkAllBins (/data/data/com.termux/files/usr/lib/node_modules/npm/node_modules/@npmcli/arborist/lib/arborist/rebuild.js:377:5)
187 error     at async #build (/data/data/com.termux/files/usr/lib/node_modules/npm/node_modules/@npmcli/arborist/lib/arborist/rebuild.js:162:7)
187 error     at async Arborist.rebuild (/data/data/com.termux/files/usr/lib/node_modules/npm/node_modules/@npmcli/arborist/lib/arborist/rebuild.js:62:5)
187 error     at async [reifyPackages] (/data/data/com.termux/files/usr/lib/node_modules/npm/node_modules/@npmcli/arborist/lib/arborist/reify.js:332:11)
187 error     at async Arborist.reify (/data/data/com.termux/files/usr/lib/node_modules/npm/node_modules/@npmcli/arborist/lib/arborist/reify.js:137:5) {
187 error   errno: -13,
187 error   code: 'EACCES',
187 error   syscall: 'symlink',
187 error   path: '../mkdirp/bin/cmd.js',
187 error   dest: '/storage/emulated/0/catbot/node_modules/.bin/mkdirp'
187 error }
188 error
188 error The operation was rejected by your operating system.
188 error It is likely you do not have the permissions to access this file as the current user
188 error
188 error If you believe this might be a permissions issue, please double-check the
188 error permissions of the file and its containing directories, or try running
188 error the command again as root/Administrator.
189 silly unfinished npm timer reify 1755613239964
190 silly unfinished npm timer reify:build 1755613244383
191 silly unfinished npm timer build 1755613244386
192 silly unfinished npm timer build:deps 1755613244387
193 silly unfinished npm timer build:link 1755613244395
194 silly unfinished npm timer build:link:node_modules/mkdirp 1755613244395
195 verbose cwd /storage/emulated/0/catbot
196 verbose os Linux 6.6.30-android15-8-g6b55ce738535-4k
197 verbose node v24.5.0
198 verbose npm  v11.5.1
199 verbose exit -13
200 verbose code -13
201 error A complete log of this run can be found in: /data/data/com.termux/files/home/.npm/_logs/2025-08-19T14_20_38_281Z-debug-0.log
