0 verbose cli /data/data/com.termux/files/usr/bin/node /data/data/com.termux/files/usr/bin/npm
1 info using npm@10.9.3
2 info using node@v22.18.0
3 silly config load:file:/data/data/com.termux/files/usr/lib/node_modules/npm/npmrc
4 silly config load:file:/storage/emulated/0/catbot/.npmrc
5 silly config load:file:/data/data/com.termux/files/home/.npmrc
6 silly config load:file:/data/data/com.termux/files/usr/etc/npmrc
7 verbose title npm install express multer cors
8 verbose argv "install" "express" "multer" "cors"
9 verbose logfile logs-max:10 dir:/data/data/com.termux/files/home/.npm/_logs/2025-08-19T14_25_25_921Z-
10 verbose logfile /data/data/com.termux/files/home/.npm/_logs/2025-08-19T14_25_25_921Z-debug-0.log
11 silly logfile start cleaning logs, removing 1 files
12 silly packumentCache heap:1098907648 maxSize:274726912 maxEntrySize:137363456
13 silly logfile done cleaning log files
14 silly idealTree buildDeps
15 silly fetch manifest express@^5.1.0
16 silly packumentCache full:https://registry.npmjs.org/express cache-miss
17 verbose shrinkwrap failed to load node_modules/.package-lock.json out of date, updated: node_modules
18 http cache https://registry.npmjs.org/express 96ms (cache hit)
19 silly packumentCache full:https://registry.npmjs.org/express set size:796252 disposed:false
20 silly fetch manifest multer@*
21 silly packumentCache full:https://registry.npmjs.org/multer cache-miss
22 http fetch GET 200 https://registry.npmjs.org/multer 406ms (cache revalidated)
23 silly packumentCache full:https://registry.npmjs.org/multer set size:145789 disposed:false
24 silly fetch manifest cors@*
25 silly packumentCache full:https://registry.npmjs.org/cors cache-miss
26 http fetch GET 200 https://registry.npmjs.org/cors 84ms (cache revalidated)
27 silly packumentCache full:https://registry.npmjs.org/cors set size:73833 disposed:false
28 silly placeDep ROOT cors@2.8.5 OK for: catbot@1.0.0 want: *
29 silly placeDep ROOT express@5.1.0 REPLACE for: catbot@1.0.0 want: ^5.1.0
30 silly placeDep ROOT multer@2.0.2 OK for: catbot@1.0.0 want: *
31 silly fetch manifest object-assign@^4
32 silly packumentCache full:https://registry.npmjs.org/object-assign cache-miss
33 silly fetch manifest append-field@^1.0.0
34 silly packumentCache full:https://registry.npmjs.org/append-field cache-miss
35 silly fetch manifest busboy@^1.6.0
36 silly packumentCache full:https://registry.npmjs.org/busboy cache-miss
37 silly fetch manifest concat-stream@^2.0.0
38 silly packumentCache full:https://registry.npmjs.org/concat-stream cache-miss
39 silly fetch manifest mkdirp@^0.5.6
40 silly packumentCache full:https://registry.npmjs.org/mkdirp cache-miss
41 silly fetch manifest object-assign@^4.1.1
42 silly packumentCache full:https://registry.npmjs.org/object-assign cache-miss
43 silly fetch manifest type-is@^1.6.18
44 silly packumentCache full:https://registry.npmjs.org/type-is cache-miss
45 http cache https://registry.npmjs.org/type-is 148ms (cache hit)
46 silly packumentCache full:https://registry.npmjs.org/type-is set size:86196 disposed:false
47 silly fetch manifest xtend@^4.0.2
48 silly packumentCache full:https://registry.npmjs.org/xtend cache-miss
49 http fetch GET 200 https://registry.npmjs.org/append-field 183ms (cache revalidated)
50 silly packumentCache full:https://registry.npmjs.org/append-field set size:7798 disposed:false
51 http fetch GET 200 https://registry.npmjs.org/object-assign 307ms (cache revalidated)
52 silly packumentCache full:https://registry.npmjs.org/object-assign set size:28988 disposed:false
53 http fetch GET 200 https://registry.npmjs.org/xtend 143ms (cache revalidated)
54 silly packumentCache full:https://registry.npmjs.org/xtend set size:28314 disposed:false
55 http fetch GET 200 https://registry.npmjs.org/object-assign 329ms (cache revalidated)
56 silly packumentCache full:https://registry.npmjs.org/object-assign set size:28988 disposed:false
57 silly packumentCache full:https://registry.npmjs.org/object-assign dispose
58 http fetch GET 200 https://registry.npmjs.org/concat-stream 370ms (cache revalidated)
59 silly packumentCache full:https://registry.npmjs.org/concat-stream set size:63783 disposed:false
60 http fetch GET 200 https://registry.npmjs.org/mkdirp 379ms (cache revalidated)
61 silly packumentCache full:https://registry.npmjs.org/mkdirp set size:116455 disposed:false
62 http fetch GET 200 https://registry.npmjs.org/busboy 394ms (cache revalidated)
63 silly packumentCache full:https://registry.npmjs.org/busboy set size:78925 disposed:false
64 silly placeDep ROOT object-assign@4.1.1 OK for: cors@2.8.5 want: ^4
65 silly placeDep ROOT append-field@1.0.0 OK for: multer@2.0.2 want: ^1.0.0
66 silly placeDep ROOT busboy@1.6.0 OK for: multer@2.0.2 want: ^1.6.0
67 silly placeDep ROOT concat-stream@2.0.0 OK for: multer@2.0.2 want: ^2.0.0
68 silly placeDep ROOT mkdirp@0.5.6 OK for: multer@2.0.2 want: ^0.5.6
69 silly placeDep node_modules/multer type-is@1.6.18 OK for: multer@2.0.2 want: ^1.6.18
70 silly placeDep ROOT xtend@4.0.2 OK for: multer@2.0.2 want: ^4.0.2
71 silly fetch manifest streamsearch@^1.1.0
72 silly packumentCache full:https://registry.npmjs.org/streamsearch cache-miss
73 silly fetch manifest buffer-from@^1.0.0
74 silly packumentCache full:https://registry.npmjs.org/buffer-from cache-miss
75 silly fetch manifest readable-stream@^3.0.2
76 silly packumentCache full:https://registry.npmjs.org/readable-stream cache-miss
77 silly fetch manifest typedarray@^0.0.6
78 silly packumentCache full:https://registry.npmjs.org/typedarray cache-miss
79 silly fetch manifest minimist@^1.2.6
80 silly packumentCache full:https://registry.npmjs.org/minimist cache-miss
81 silly fetch manifest mime-types@~2.1.24
82 silly packumentCache full:https://registry.npmjs.org/mime-types cache-miss
83 silly fetch manifest media-typer@0.3.0
84 silly packumentCache full:https://registry.npmjs.org/media-typer cache-miss
85 http cache https://registry.npmjs.org/media-typer 51ms (cache hit)
86 silly packumentCache full:https://registry.npmjs.org/media-typer set size:20873 disposed:false
87 http cache https://registry.npmjs.org/mime-types 57ms (cache hit)
88 silly packumentCache full:https://registry.npmjs.org/mime-types set size:136716 disposed:false
89 http fetch GET 200 https://registry.npmjs.org/streamsearch 101ms (cache revalidated)
90 silly packumentCache full:https://registry.npmjs.org/streamsearch set size:27372 disposed:false
91 http fetch GET 200 https://registry.npmjs.org/buffer-from 106ms (cache revalidated)
92 silly packumentCache full:https://registry.npmjs.org/buffer-from set size:15463 disposed:false
93 http fetch GET 200 https://registry.npmjs.org/readable-stream 109ms (cache revalidated)
94 silly packumentCache full:https://registry.npmjs.org/readable-stream set size:261096 disposed:false
95 http fetch GET 200 https://registry.npmjs.org/typedarray 137ms (cache revalidated)
96 silly packumentCache full:https://registry.npmjs.org/typedarray set size:18469 disposed:false
97 http fetch GET 200 https://registry.npmjs.org/minimist 139ms (cache revalidated)
98 silly packumentCache full:https://registry.npmjs.org/minimist set size:77097 disposed:false
99 silly placeDep ROOT streamsearch@1.1.0 OK for: busboy@1.6.0 want: ^1.1.0
100 silly placeDep ROOT buffer-from@1.1.2 OK for: concat-stream@2.0.0 want: ^1.0.0
101 silly placeDep ROOT readable-stream@3.6.2 OK for: concat-stream@2.0.0 want: ^3.0.2
102 silly placeDep ROOT typedarray@0.0.6 OK for: concat-stream@2.0.0 want: ^0.0.6
103 silly fetch manifest string_decoder@^1.1.1
104 silly packumentCache full:https://registry.npmjs.org/string_decoder cache-miss
105 silly fetch manifest util-deprecate@^1.0.1
106 silly packumentCache full:https://registry.npmjs.org/util-deprecate cache-miss
107 http fetch GET 200 https://registry.npmjs.org/util-deprecate 85ms (cache revalidated)
108 silly packumentCache full:https://registry.npmjs.org/util-deprecate set size:6674 disposed:false
109 http fetch GET 200 https://registry.npmjs.org/string_decoder 91ms (cache revalidated)
110 silly packumentCache full:https://registry.npmjs.org/string_decoder set size:28441 disposed:false
111 silly placeDep ROOT minimist@1.2.8 OK for: mkdirp@0.5.6 want: ^1.2.6
112 silly placeDep ROOT string_decoder@1.3.0 OK for: readable-stream@3.6.2 want: ^1.1.1
113 silly placeDep ROOT util-deprecate@1.0.2 OK for: readable-stream@3.6.2 want: ^1.0.1
114 silly placeDep node_modules/multer media-typer@0.3.0 OK for: type-is@1.6.18 want: 0.3.0
115 silly placeDep node_modules/multer mime-types@2.1.35 OK for: type-is@1.6.18 want: ~2.1.24
116 silly fetch manifest mime-db@1.52.0
117 silly packumentCache full:https://registry.npmjs.org/mime-db cache-miss
118 http cache https://registry.npmjs.org/mime-db 11ms (cache hit)
119 silly packumentCache full:https://registry.npmjs.org/mime-db set size:164953 disposed:false
120 silly placeDep node_modules/multer mime-db@1.52.0 OK for: mime-types@2.1.35 want: 1.52.0
121 silly reify moves {}
122 silly audit bulk request {
122 silly audit   accepts: [ '2.0.0' ],
122 silly audit   'body-parser': [ '2.2.0' ],
122 silly audit   bytes: [ '3.1.2' ],
122 silly audit   'call-bind-apply-helpers': [ '1.0.2' ],
122 silly audit   'call-bound': [ '1.0.4' ],
122 silly audit   'content-disposition': [ '1.0.0' ],
122 silly audit   'content-type': [ '1.0.5' ],
122 silly audit   cookie: [ '0.7.2' ],
122 silly audit   'cookie-signature': [ '1.2.2' ],
122 silly audit   debug: [ '4.4.1' ],
122 silly audit   depd: [ '2.0.0' ],
122 silly audit   'dunder-proto': [ '1.0.1' ],
122 silly audit   'ee-first': [ '1.1.1' ],
122 silly audit   encodeurl: [ '2.0.0' ],
122 silly audit   'es-define-property': [ '1.0.1' ],
122 silly audit   'es-errors': [ '1.3.0' ],
122 silly audit   'es-object-atoms': [ '1.1.1' ],
122 silly audit   'escape-html': [ '1.0.3' ],
122 silly audit   etag: [ '1.8.1' ],
122 silly audit   finalhandler: [ '2.1.0' ],
122 silly audit   forwarded: [ '0.2.0' ],
122 silly audit   fresh: [ '2.0.0' ],
122 silly audit   'function-bind': [ '1.1.2' ],
122 silly audit   'get-intrinsic': [ '1.3.0' ],
122 silly audit   'get-proto': [ '1.0.1' ],
122 silly audit   gopd: [ '1.2.0' ],
122 silly audit   'has-symbols': [ '1.1.0' ],
122 silly audit   hasown: [ '2.0.2' ],
122 silly audit   'http-errors': [ '2.0.0' ],
122 silly audit   statuses: [ '2.0.1', '2.0.2' ],
122 silly audit   'iconv-lite': [ '0.6.3' ],
122 silly audit   inherits: [ '2.0.4' ],
122 silly audit   'ipaddr.js': [ '1.9.1' ],
122 silly audit   'is-promise': [ '4.0.0' ],
122 silly audit   'math-intrinsics': [ '1.1.0' ],
122 silly audit   'media-typer': [ '1.1.0', '0.3.0' ],
122 silly audit   'merge-descriptors': [ '2.0.0' ],
122 silly audit   'mime-db': [ '1.54.0', '1.52.0' ],
122 silly audit   'mime-types': [ '3.0.1', '2.1.35' ],
122 silly audit   ms: [ '2.1.3' ],
122 silly audit   negotiator: [ '1.0.0' ],
122 silly audit   'object-inspect': [ '1.13.4' ],
122 silly audit   'on-finished': [ '2.4.1' ],
122 silly audit   once: [ '1.4.0' ],
122 silly audit   parseurl: [ '1.3.3' ],
122 silly audit   'path-to-regexp': [ '8.2.0' ],
122 silly audit   'proxy-addr': [ '2.0.7' ],
122 silly audit   qs: [ '6.14.0' ],
122 silly audit   'range-parser': [ '1.2.1' ],
122 silly audit   'raw-body': [ '3.0.0' ],
122 silly audit   router: [ '2.2.0' ],
122 silly audit   'safe-buffer': [ '5.2.1' ],
122 silly audit   'safer-buffer': [ '2.1.2' ],
122 silly audit   send: [ '1.2.0' ],
122 silly audit   'serve-static': [ '2.2.0' ],
122 silly audit   setprototypeof: [ '1.2.0' ],
122 silly audit   'side-channel': [ '1.1.0' ],
122 silly audit   'side-channel-list': [ '1.0.0' ],
122 silly audit   'side-channel-map': [ '1.0.1' ],
122 silly audit   'side-channel-weakmap': [ '1.0.2' ],
122 silly audit   toidentifier: [ '1.0.1' ],
122 silly audit   'type-is': [ '2.0.1', '1.6.18' ],
122 silly audit   unpipe: [ '1.0.0' ],
122 silly audit   vary: [ '1.1.2' ],
122 silly audit   wrappy: [ '1.0.2' ],
122 silly audit   cors: [ '2.8.5' ],
122 silly audit   express: [ '5.1.0' ],
122 silly audit   multer: [ '2.0.2' ],
122 silly audit   'object-assign': [ '4.1.1' ],
122 silly audit   'append-field': [ '1.0.0' ],
122 silly audit   busboy: [ '1.6.0' ],
122 silly audit   'concat-stream': [ '2.0.0' ],
122 silly audit   mkdirp: [ '0.5.6' ],
122 silly audit   xtend: [ '4.0.2' ],
122 silly audit   streamsearch: [ '1.1.0' ],
122 silly audit   'buffer-from': [ '1.1.2' ],
122 silly audit   'readable-stream': [ '3.6.2' ],
122 silly audit   typedarray: [ '0.0.6' ],
122 silly audit   minimist: [ '1.2.8' ],
122 silly audit   string_decoder: [ '1.3.0' ],
122 silly audit   'util-deprecate': [ '1.0.2' ]
122 silly audit }
123 http cache util-deprecate@https://registry.npmjs.org/util-deprecate/-/util-deprecate-1.0.2.tgz 0ms (cache hit)
124 http cache minimist@https://registry.npmjs.org/minimist/-/minimist-1.2.8.tgz 0ms (cache hit)
125 http cache readable-stream@https://registry.npmjs.org/readable-stream/-/readable-stream-3.6.2.tgz 1ms (cache hit)
126 http cache streamsearch@https://registry.npmjs.org/streamsearch/-/streamsearch-1.1.0.tgz 0ms (cache hit)
127 http cache xtend@https://registry.npmjs.org/xtend/-/xtend-4.0.2.tgz 0ms (cache hit)
128 http cache concat-stream@https://registry.npmjs.org/concat-stream/-/concat-stream-2.0.0.tgz 0ms (cache hit)
129 http cache busboy@https://registry.npmjs.org/busboy/-/busboy-1.6.0.tgz 0ms (cache hit)
130 http cache mkdirp@https://registry.npmjs.org/mkdirp/-/mkdirp-0.5.6.tgz 0ms (cache hit)
131 http cache string_decoder@https://registry.npmjs.org/string_decoder/-/string_decoder-1.3.0.tgz 0ms (cache hit)
132 http cache cors@https://registry.npmjs.org/cors/-/cors-2.8.5.tgz 0ms (cache hit)
133 http cache typedarray@https://registry.npmjs.org/typedarray/-/typedarray-0.0.6.tgz 0ms (cache hit)
134 http cache object-assign@https://registry.npmjs.org/object-assign/-/object-assign-4.1.1.tgz 0ms (cache hit)
135 http cache multer@https://registry.npmjs.org/multer/-/multer-2.0.2.tgz 0ms (cache hit)
136 http cache media-typer@https://registry.npmjs.org/media-typer/-/media-typer-0.3.0.tgz 0ms (cache hit)
137 http cache mime-db@https://registry.npmjs.org/mime-db/-/mime-db-1.52.0.tgz 0ms (cache hit)
138 http cache buffer-from@https://registry.npmjs.org/buffer-from/-/buffer-from-1.1.2.tgz 0ms (cache hit)
139 http cache mime-types@https://registry.npmjs.org/mime-types/-/mime-types-2.1.35.tgz 0ms (cache hit)
140 http cache type-is@https://registry.npmjs.org/type-is/-/type-is-1.6.18.tgz 0ms (cache hit)
141 http cache append-field@https://registry.npmjs.org/append-field/-/append-field-1.0.0.tgz 0ms (cache hit)
142 http fetch POST 200 https://registry.npmjs.org/-/npm/v1/security/advisories/bulk 533ms
143 silly audit report {}
144 verbose stack Error: EACCES: permission denied, symlink '../mkdirp/bin/cmd.js' -> '/storage/emulated/0/catbot/node_modules/.bin/mkdirp'
144 verbose stack     at async symlink (node:internal/fs/promises:1006:10)
144 verbose stack     at async Promise.all (index 0)
144 verbose stack     at async Promise.all (index 0)
144 verbose stack     at async #createBinLinks (/data/data/com.termux/files/usr/lib/node_modules/npm/node_modules/@npmcli/arborist/lib/arborist/rebuild.js:394:5)
144 verbose stack     at async Promise.allSettled (index 0)
144 verbose stack     at async #linkAllBins (/data/data/com.termux/files/usr/lib/node_modules/npm/node_modules/@npmcli/arborist/lib/arborist/rebuild.js:375:5)
144 verbose stack     at async #build (/data/data/com.termux/files/usr/lib/node_modules/npm/node_modules/@npmcli/arborist/lib/arborist/rebuild.js:160:7)
144 verbose stack     at async Arborist.rebuild (/data/data/com.termux/files/usr/lib/node_modules/npm/node_modules/@npmcli/arborist/lib/arborist/rebuild.js:62:5)
144 verbose stack     at async [reifyPackages] (/data/data/com.termux/files/usr/lib/node_modules/npm/node_modules/@npmcli/arborist/lib/arborist/reify.js:325:11)
144 verbose stack     at async Arborist.reify (/data/data/com.termux/files/usr/lib/node_modules/npm/node_modules/@npmcli/arborist/lib/arborist/reify.js:142:5)
145 error code EACCES
146 error syscall symlink
147 error path ../mkdirp/bin/cmd.js
148 error dest /storage/emulated/0/catbot/node_modules/.bin/mkdirp
149 error errno -13
150 error Error: EACCES: permission denied, symlink '../mkdirp/bin/cmd.js' -> '/storage/emulated/0/catbot/node_modules/.bin/mkdirp'
150 error     at async symlink (node:internal/fs/promises:1006:10)
150 error     at async Promise.all (index 0)
150 error     at async Promise.all (index 0)
150 error     at async #createBinLinks (/data/data/com.termux/files/usr/lib/node_modules/npm/node_modules/@npmcli/arborist/lib/arborist/rebuild.js:394:5)
150 error     at async Promise.allSettled (index 0)
150 error     at async #linkAllBins (/data/data/com.termux/files/usr/lib/node_modules/npm/node_modules/@npmcli/arborist/lib/arborist/rebuild.js:375:5)
150 error     at async #build (/data/data/com.termux/files/usr/lib/node_modules/npm/node_modules/@npmcli/arborist/lib/arborist/rebuild.js:160:7)
150 error     at async Arborist.rebuild (/data/data/com.termux/files/usr/lib/node_modules/npm/node_modules/@npmcli/arborist/lib/arborist/rebuild.js:62:5)
150 error     at async [reifyPackages] (/data/data/com.termux/files/usr/lib/node_modules/npm/node_modules/@npmcli/arborist/lib/arborist/reify.js:325:11)
150 error     at async Arborist.reify (/data/data/com.termux/files/usr/lib/node_modules/npm/node_modules/@npmcli/arborist/lib/arborist/reify.js:142:5) {
150 error   errno: -13,
150 error   code: 'EACCES',
150 error   syscall: 'symlink',
150 error   path: '../mkdirp/bin/cmd.js',
150 error   dest: '/storage/emulated/0/catbot/node_modules/.bin/mkdirp'
150 error }
151 error
151 error The operation was rejected by your operating system.
151 error It is likely you do not have the permissions to access this file as the current user
151 error
151 error If you believe this might be a permissions issue, please double-check the
151 error permissions of the file and its containing directories, or try running
151 error the command again as root/Administrator.
152 silly unfinished npm timer reify 1755613527312
153 silly unfinished npm timer reify:build 1755613530276
154 silly unfinished npm timer build 1755613530277
155 silly unfinished npm timer build:deps 1755613530278
156 silly unfinished npm timer build:link 1755613530284
157 silly unfinished npm timer build:link:node_modules/mkdirp 1755613530284
158 verbose cwd /storage/emulated/0/catbot
159 verbose os Linux 6.6.30-android15-8-g6b55ce738535-4k
160 verbose node v22.18.0
161 verbose npm  v10.9.3
162 verbose exit -13
163 verbose code -13
164 error A complete log of this run can be found in: /data/data/com.termux/files/home/.npm/_logs/2025-08-19T14_25_25_921Z-debug-0.log
